02/10/2014 17:45:28 devpinoyLogger Starting the test suite
02/10/2014 17:45:28 devpinoyLogger Loading config files
02/10/2014 17:45:28 devpinoyLogger Loading Object XPATHS
02/10/2014 17:45:29 devpinoyLogger total rows -- 441
02/10/2014 17:45:29 devpinoyLogger total cols -- 13
02/10/2014 17:47:54 devpinoyLogger Browser chosen is: Firefox
02/10/2014 17:48:03 devpinoyLogger Started the driver
02/10/2014 17:48:04 devpinoyLogger Skipping the test FPTTC001
02/10/2014 17:48:04 devpinoyLogger ***********************************FPTTC001 --- Skip
02/10/2014 17:48:05 devpinoyLogger Skipping the test FPTTC002
02/10/2014 17:48:05 devpinoyLogger ***********************************FPTTC002 --- Skip
02/10/2014 17:48:06 devpinoyLogger Skipping the test FPTTC003
02/10/2014 17:48:06 devpinoyLogger ***********************************FPTTC003 --- Skip
02/10/2014 17:48:06 devpinoyLogger Skipping the test FPTTC004
02/10/2014 17:48:06 devpinoyLogger ***********************************FPTTC004 --- Skip
02/10/2014 17:48:07 devpinoyLogger Skipping the test FPTTC005
02/10/2014 17:48:07 devpinoyLogger ***********************************FPTTC005 --- Skip
02/10/2014 17:48:07 devpinoyLogger Skipping the test FPTTC006
02/10/2014 17:48:07 devpinoyLogger ***********************************FPTTC006 --- Skip
02/10/2014 17:48:08 devpinoyLogger Executing the test Complete_Regression under the Test name FPT Onsite - GRE Practice Test
02/10/2014 17:48:08 devpinoyLogger Executing FPT DAT Test Script
02/10/2014 17:48:08 devpinoyLogger Executing Navigate by URL to: http://qwjasweb02.kaplaninc.com/npt.htm
02/10/2014 17:48:10 devpinoyLogger Executing clickButton Keyword: FPT_Login_EnrollmentID_Button
02/10/2014 17:48:10 devpinoyLogger Inside findElememnt - only objName as parameterFPT_Login_EnrollmentID_Button
02/10/2014 17:48:10 devpinoyLogger Executing select Keyword: FPT_Login_Fname_Input
02/10/2014 17:48:10 devpinoyLogger Inside findElememnt - only objName as parameterFPT_Login_Fname_Input
02/10/2014 17:48:10 devpinoyLogger Executing select Keyword: FPT_Login_Lname_Input
02/10/2014 17:48:10 devpinoyLogger Inside findElememnt - only objName as parameterFPT_Login_Lname_Input
02/10/2014 17:48:11 devpinoyLogger Clearning the element: FPT_Login_Email_Input
02/10/2014 17:48:11 devpinoyLogger Inside findElememnt - only objName as parameterFPT_Login_Email_Input
02/10/2014 17:48:11 devpinoyLogger Executing select Keyword: FPT_Login_Email_Input
02/10/2014 17:48:11 devpinoyLogger Inside findElememnt - only objName as parameterFPT_Login_Email_Input
02/10/2014 17:48:11 devpinoyLogger Executing selectfromSelectList Keyword: FPT_Login_Product_SelectList
02/10/2014 17:48:11 devpinoyLogger Inside findElememnt - only objName as parameterFPT_Login_Product_SelectList
02/10/2014 17:48:12 devpinoyLogger Executing clickButton Keyword: FPT_Login_Enroll_Button
02/10/2014 17:48:12 devpinoyLogger Inside findElememnt - only objName as parameterFPT_Login_Enroll_Button
02/10/2014 17:48:15 devpinoyLogger Verifying the title match: GRE Practice Test
02/10/2014 17:48:15 devpinoyLogger Executing verifyObjectTextWithParameter: SECTION 1 - VERBAL REASONING 1
02/10/2014 17:48:15 devpinoyLogger Inside findElememnt - only objName as parameterFPT_SecPg_Heading
02/10/2014 17:48:15 devpinoyLogger SECTION 1 - VERBAL REASONING 1
02/10/2014 17:48:15 devpinoyLogger SECTION 1 - VERBAL REASONING 1
02/10/2014 17:48:15 devpinoyLogger On correct page: SECTION 1 - VERBAL REASONING 1
02/10/2014 17:48:15 devpinoyLogger Switching to framedefaultContent
02/10/2014 17:48:15 devpinoyLogger Switching to frameactiveElement
02/10/2014 17:48:15 devpinoyLogger Executing verifyCustomObjectText: 1
02/10/2014 17:48:15 devpinoyLogger Executing getCustomObjectText
02/10/2014 17:48:15 devpinoyLogger Inside findCustomElememnt//*[@id='grid1']/table/tbody/tr[1]/td[1]/span
02/10/2014 17:48:15 devpinoyLogger 1
02/10/2014 17:48:15 devpinoyLogger 1
02/10/2014 17:48:15 devpinoyLogger Verified Custom ObjectText: 1
02/10/2014 17:48:15 devpinoyLogger Executing clickbyXpath Keyword: //*[@id='grid1']/table/tbody/tr[1]/td[2]/fieldset/p[3 ]/label/span
02/10/2014 17:48:15 devpinoyLogger Inside findCustomElememnt//*[@id='grid1']/table/tbody/tr[1]/td[2]/fieldset/p[3 ]/label/span
02/10/2014 17:48:16 devpinoyLogger Object at xpath: //*[@id='grid1']/table/tbody/tr[1]/td[2]/fieldset/p[3 ]/label/span is clicked
02/10/2014 17:48:16 devpinoyLogger Executing verifyCustomObjectText: 2
02/10/2014 17:48:16 devpinoyLogger Executing getCustomObjectText
02/10/2014 17:48:16 devpinoyLogger Inside findCustomElememnt//*[@id='grid1']/table/tbody/tr[2]/td[1]/span
02/10/2014 17:48:16 devpinoyLogger 2
02/10/2014 17:48:16 devpinoyLogger 2
02/10/2014 17:48:16 devpinoyLogger Verified Custom ObjectText: 2
02/10/2014 17:48:16 devpinoyLogger Executing clickbyXpath Keyword: //*[@id='grid1']/table/tbody/tr[2]/td[2]/fieldset/p[2 ]/label/span
02/10/2014 17:48:16 devpinoyLogger Inside findCustomElememnt//*[@id='grid1']/table/tbody/tr[2]/td[2]/fieldset/p[2 ]/label/span
02/10/2014 17:48:16 devpinoyLogger Object at xpath: //*[@id='grid1']/table/tbody/tr[2]/td[2]/fieldset/p[2 ]/label/span is clicked
02/10/2014 17:48:16 devpinoyLogger Executing verifyCustomObjectText: 3
02/10/2014 17:48:16 devpinoyLogger Executing getCustomObjectText
02/10/2014 17:48:16 devpinoyLogger Inside findCustomElememnt//*[@id='grid1']/table/tbody/tr[3]/td[1]/span
02/10/2014 17:48:16 devpinoyLogger 3
02/10/2014 17:48:16 devpinoyLogger 3
02/10/2014 17:48:16 devpinoyLogger Verified Custom ObjectText: 3
02/10/2014 17:48:16 devpinoyLogger Executing select Keyword: //*[@id='grid1']/table/tbody/tr[3]/td[2]/input
02/10/2014 17:48:16 devpinoyLogger Inside findCustomElememnt//*[@id='grid1']/table/tbody/tr[3]/td[2]/input
02/10/2014 17:48:16 devpinoyLogger Executing verifyCustomObjectText: 4
02/10/2014 17:48:16 devpinoyLogger Executing getCustomObjectText
02/10/2014 17:48:16 devpinoyLogger Inside findCustomElememnt//*[@id='grid1']/table/tbody/tr[4]/td[1]/span
02/10/2014 17:48:17 devpinoyLogger 4
02/10/2014 17:48:17 devpinoyLogger 4
02/10/2014 17:48:17 devpinoyLogger Verified Custom ObjectText: 4
02/10/2014 17:48:17 devpinoyLogger Executing select Keyword: //*[@id='grid1']/table/tbody/tr[4]/td[2]/input
02/10/2014 17:48:17 devpinoyLogger Inside findCustomElememnt//*[@id='grid1']/table/tbody/tr[4]/td[2]/input
02/10/2014 17:48:17 devpinoyLogger Executing verifyCustomObjectText: 5
02/10/2014 17:48:17 devpinoyLogger Executing getCustomObjectText
02/10/2014 17:48:17 devpinoyLogger Inside findCustomElememnt//*[@id='grid1']/table/tbody/tr[5]/td[1]/span
02/10/2014 17:48:17 devpinoyLogger 5
02/10/2014 17:48:17 devpinoyLogger 5
02/10/2014 17:48:17 devpinoyLogger Verified Custom ObjectText: 5
02/10/2014 17:48:17 devpinoyLogger Executing select Keyword: //*[@id='grid1']/table/tbody/tr[5]/td[2]/input
02/10/2014 17:48:17 devpinoyLogger Inside findCustomElememnt//*[@id='grid1']/table/tbody/tr[5]/td[2]/input
02/10/2014 17:48:17 devpinoyLogger Executing verifyCustomObjectText: 6
02/10/2014 17:48:17 devpinoyLogger Executing getCustomObjectText
02/10/2014 17:48:17 devpinoyLogger Inside findCustomElememnt//*[@id='grid1']/table/tbody/tr[6]/td[1]/span
02/10/2014 17:48:17 devpinoyLogger 6
02/10/2014 17:48:17 devpinoyLogger 6
02/10/2014 17:48:17 devpinoyLogger Verified Custom ObjectText: 6
02/10/2014 17:48:17 devpinoyLogger Executing select Keyword: //*[@id='grid1']/table/tbody/tr[6]/td[2]/input
02/10/2014 17:48:17 devpinoyLogger Inside findCustomElememnt//*[@id='grid1']/table/tbody/tr[6]/td[2]/input
02/10/2014 17:48:17 devpinoyLogger Executing verifyCustomObjectText: 7
02/10/2014 17:48:17 devpinoyLogger Executing getCustomObjectText
02/10/2014 17:48:17 devpinoyLogger Inside findCustomElememnt//*[@id='grid1']/table/tbody/tr[7]/td[1]/span
02/10/2014 17:48:17 devpinoyLogger 7
02/10/2014 17:48:17 devpinoyLogger 7
02/10/2014 17:48:17 devpinoyLogger Verified Custom ObjectText: 7
02/10/2014 17:48:17 devpinoyLogger Executing select Keyword: //*[@id='grid1']/table/tbody/tr[7]/td[2]/input
02/10/2014 17:48:17 devpinoyLogger Inside findCustomElememnt//*[@id='grid1']/table/tbody/tr[7]/td[2]/input
02/10/2014 17:48:18 devpinoyLogger Executing verifyCustomObjectText: 8
02/10/2014 17:48:18 devpinoyLogger Executing getCustomObjectText
02/10/2014 17:48:18 devpinoyLogger Inside findCustomElememnt//*[@id='grid1']/table/tbody/tr[8]/td[1]/span
02/10/2014 17:48:18 devpinoyLogger 8
02/10/2014 17:48:18 devpinoyLogger 8
02/10/2014 17:48:18 devpinoyLogger Verified Custom ObjectText: 8
02/10/2014 17:48:18 devpinoyLogger Executing select Keyword: //*[@id='grid1']/table/tbody/tr[8]/td[2]/input
02/10/2014 17:48:18 devpinoyLogger Inside findCustomElememnt//*[@id='grid1']/table/tbody/tr[8]/td[2]/input
02/10/2014 17:48:18 devpinoyLogger Executing verifyCustomObjectText: 9
02/10/2014 17:48:18 devpinoyLogger Executing getCustomObjectText
02/10/2014 17:48:18 devpinoyLogger Inside findCustomElememnt//*[@id='grid1']/table/tbody/tr[9]/td[1]/span
02/10/2014 17:48:18 devpinoyLogger 9
02/10/2014 17:48:18 devpinoyLogger 9
02/10/2014 17:48:18 devpinoyLogger Verified Custom ObjectText: 9
02/10/2014 17:48:18 devpinoyLogger Executing select Keyword: //*[@id='grid1']/table/tbody/tr[9]/td[2]/input
02/10/2014 17:48:18 devpinoyLogger Inside findCustomElememnt//*[@id='grid1']/table/tbody/tr[9]/td[2]/input
02/10/2014 17:48:18 devpinoyLogger Executing verifyCustomObjectText: 10
02/10/2014 17:48:18 devpinoyLogger Executing getCustomObjectText
02/10/2014 17:48:18 devpinoyLogger Inside findCustomElememnt//*[@id='grid1']/table/tbody/tr[10]/td[1]/span
02/10/2014 17:48:18 devpinoyLogger 10
02/10/2014 17:48:18 devpinoyLogger 10
02/10/2014 17:48:18 devpinoyLogger Verified Custom ObjectText: 10
02/10/2014 17:48:18 devpinoyLogger Executing select Keyword: //*[@id='grid1']/table/tbody/tr[10]/td[2]/input
02/10/2014 17:48:18 devpinoyLogger Inside findCustomElememnt//*[@id='grid1']/table/tbody/tr[10]/td[2]/input
02/10/2014 17:48:18 devpinoyLogger Executing verifyCustomObjectText: 11
02/10/2014 17:48:18 devpinoyLogger Executing getCustomObjectText
02/10/2014 17:48:18 devpinoyLogger Inside findCustomElememnt//*[@id='grid1']/table/tbody/tr[11]/td[1]/span
02/10/2014 17:48:18 devpinoyLogger 11
02/10/2014 17:48:18 devpinoyLogger 11
02/10/2014 17:48:18 devpinoyLogger Verified Custom ObjectText: 11
02/10/2014 17:48:18 devpinoyLogger Executing select Keyword: //*[@id='grid1']/table/tbody/tr[11]/td[2]/input
02/10/2014 17:48:18 devpinoyLogger Inside findCustomElememnt//*[@id='grid1']/table/tbody/tr[11]/td[2]/input
02/10/2014 17:48:19 devpinoyLogger Executing verifyCustomObjectText: 12
02/10/2014 17:48:19 devpinoyLogger Executing getCustomObjectText
02/10/2014 17:48:19 devpinoyLogger Inside findCustomElememnt//*[@id='grid1']/table/tbody/tr[12]/td[1]/span
02/10/2014 17:48:19 devpinoyLogger 12
02/10/2014 17:48:19 devpinoyLogger 12
02/10/2014 17:48:19 devpinoyLogger Verified Custom ObjectText: 12
02/10/2014 17:48:19 devpinoyLogger Executing clickbyXpath Keyword: //*[@id='grid1']/table/tbody/tr[12]/td[2]/fieldset/p[4 ]/label/span
02/10/2014 17:48:19 devpinoyLogger Inside findCustomElememnt//*[@id='grid1']/table/tbody/tr[12]/td[2]/fieldset/p[4 ]/label/span
02/10/2014 17:48:19 devpinoyLogger Object at xpath: //*[@id='grid1']/table/tbody/tr[12]/td[2]/fieldset/p[4 ]/label/span is clicked
02/10/2014 17:48:19 devpinoyLogger Executing verifyCustomObjectText: 13
02/10/2014 17:48:19 devpinoyLogger Executing getCustomObjectText
02/10/2014 17:48:19 devpinoyLogger Inside findCustomElememnt//*[@id='grid1']/table/tbody/tr[13]/td[1]/span
02/10/2014 17:48:19 devpinoyLogger 13
02/10/2014 17:48:19 devpinoyLogger 13
02/10/2014 17:48:19 devpinoyLogger Verified Custom ObjectText: 13
02/10/2014 17:48:19 devpinoyLogger Executing clickbyXpath Keyword: //*[@id='grid1']/table/tbody/tr[13]/td[2]/fieldset/p[3 ]/label/span
02/10/2014 17:48:19 devpinoyLogger Inside findCustomElememnt//*[@id='grid1']/table/tbody/tr[13]/td[2]/fieldset/p[3 ]/label/span
02/10/2014 17:48:19 devpinoyLogger Object at xpath: //*[@id='grid1']/table/tbody/tr[13]/td[2]/fieldset/p[3 ]/label/span is clicked
02/10/2014 17:48:19 devpinoyLogger Executing verifyCustomObjectText: 14
02/10/2014 17:48:19 devpinoyLogger Executing getCustomObjectText
02/10/2014 17:48:19 devpinoyLogger Inside findCustomElememnt//*[@id='grid1']/table/tbody/tr[14]/td[1]/span
02/10/2014 17:48:19 devpinoyLogger 14
02/10/2014 17:48:19 devpinoyLogger 14
02/10/2014 17:48:19 devpinoyLogger Verified Custom ObjectText: 14
02/10/2014 17:48:19 devpinoyLogger Executing clickbyXpath Keyword: //*[@id='grid1']/table/tbody/tr[14]/td[2]/fieldset/p[4 ]/label/span
02/10/2014 17:48:19 devpinoyLogger Inside findCustomElememnt//*[@id='grid1']/table/tbody/tr[14]/td[2]/fieldset/p[4 ]/label/span
02/10/2014 17:48:20 devpinoyLogger Object at xpath: //*[@id='grid1']/table/tbody/tr[14]/td[2]/fieldset/p[4 ]/label/span is clicked
02/10/2014 17:48:20 devpinoyLogger Executing verifyCustomObjectText: 15
02/10/2014 17:48:20 devpinoyLogger Executing getCustomObjectText
02/10/2014 17:48:20 devpinoyLogger Inside findCustomElememnt//*[@id='grid1']/table/tbody/tr[15]/td[1]/span
02/10/2014 17:48:20 devpinoyLogger 15
02/10/2014 17:48:20 devpinoyLogger 15
02/10/2014 17:48:20 devpinoyLogger Verified Custom ObjectText: 15
02/10/2014 17:48:20 devpinoyLogger Executing select Keyword: //*[@id='grid1']/table/tbody/tr[15]/td[2]/input
02/10/2014 17:48:20 devpinoyLogger Inside findCustomElememnt//*[@id='grid1']/table/tbody/tr[15]/td[2]/input
02/10/2014 17:48:20 devpinoyLogger Executing verifyCustomObjectText: 16
02/10/2014 17:48:20 devpinoyLogger Executing getCustomObjectText
02/10/2014 17:48:20 devpinoyLogger Inside findCustomElememnt//*[@id='grid1']/table/tbody/tr[16]/td[1]/span
02/10/2014 17:48:20 devpinoyLogger 16
02/10/2014 17:48:20 devpinoyLogger 16
02/10/2014 17:48:20 devpinoyLogger Verified Custom ObjectText: 16
02/10/2014 17:48:20 devpinoyLogger Executing clickbyXpath Keyword: //*[@id='grid1']/table/tbody/tr[16]/td[2]/fieldset/p[5 ]/label/span
02/10/2014 17:48:20 devpinoyLogger Inside findCustomElememnt//*[@id='grid1']/table/tbody/tr[16]/td[2]/fieldset/p[5 ]/label/span
02/10/2014 17:48:20 devpinoyLogger Object at xpath: //*[@id='grid1']/table/tbody/tr[16]/td[2]/fieldset/p[5 ]/label/span is clicked
02/10/2014 17:48:20 devpinoyLogger Executing verifyCustomObjectText: 17
02/10/2014 17:48:20 devpinoyLogger Executing getCustomObjectText
02/10/2014 17:48:20 devpinoyLogger Inside findCustomElememnt//*[@id='grid1']/table/tbody/tr[17]/td[1]/span
02/10/2014 17:48:20 devpinoyLogger 17
02/10/2014 17:48:20 devpinoyLogger 17
02/10/2014 17:48:20 devpinoyLogger Verified Custom ObjectText: 17
02/10/2014 17:48:20 devpinoyLogger Executing clickbyXpath Keyword: //*[@id='grid1']/table/tbody/tr[17]/td[2]/fieldset/p[5 ]/label/span
02/10/2014 17:48:20 devpinoyLogger Inside findCustomElememnt//*[@id='grid1']/table/tbody/tr[17]/td[2]/fieldset/p[5 ]/label/span
02/10/2014 17:48:21 devpinoyLogger Object at xpath: //*[@id='grid1']/table/tbody/tr[17]/td[2]/fieldset/p[5 ]/label/span is clicked
02/10/2014 17:48:21 devpinoyLogger Executing verifyCustomObjectText: 18
02/10/2014 17:48:21 devpinoyLogger Executing getCustomObjectText
02/10/2014 17:48:21 devpinoyLogger Inside findCustomElememnt//*[@id='grid1']/table/tbody/tr[18]/td[1]/span
02/10/2014 17:48:21 devpinoyLogger 18
02/10/2014 17:48:21 devpinoyLogger 18
02/10/2014 17:48:21 devpinoyLogger Verified Custom ObjectText: 18
02/10/2014 17:48:21 devpinoyLogger Executing select Keyword: //*[@id='grid1']/table/tbody/tr[18]/td[2]/input
02/10/2014 17:48:21 devpinoyLogger Inside findCustomElememnt//*[@id='grid1']/table/tbody/tr[18]/td[2]/input
02/10/2014 17:48:21 devpinoyLogger Executing verifyCustomObjectText: 19
02/10/2014 17:48:21 devpinoyLogger Executing getCustomObjectText
02/10/2014 17:48:21 devpinoyLogger Inside findCustomElememnt//*[@id='grid1']/table/tbody/tr[19]/td[1]/span
02/10/2014 17:48:21 devpinoyLogger 19
02/10/2014 17:48:21 devpinoyLogger 19
02/10/2014 17:48:21 devpinoyLogger Verified Custom ObjectText: 19
02/10/2014 17:48:21 devpinoyLogger Executing clickbyXpath Keyword: //*[@id='grid1']/table/tbody/tr[19]/td[2]/fieldset/p[3 ]/label/span
02/10/2014 17:48:21 devpinoyLogger Inside findCustomElememnt//*[@id='grid1']/table/tbody/tr[19]/td[2]/fieldset/p[3 ]/label/span
02/10/2014 17:48:21 devpinoyLogger Object at xpath: //*[@id='grid1']/table/tbody/tr[19]/td[2]/fieldset/p[3 ]/label/span is clicked
02/10/2014 17:48:21 devpinoyLogger Executing verifyCustomObjectText: 20
02/10/2014 17:48:21 devpinoyLogger Executing getCustomObjectText
02/10/2014 17:48:21 devpinoyLogger Inside findCustomElememnt//*[@id='grid1']/table/tbody/tr[20]/td[1]/span
02/10/2014 17:48:22 devpinoyLogger 20
02/10/2014 17:48:22 devpinoyLogger 20
02/10/2014 17:48:22 devpinoyLogger Verified Custom ObjectText: 20
02/10/2014 17:48:22 devpinoyLogger Executing clickbyXpath Keyword: //*[@id='grid1']/table/tbody/tr[20]/td[2]/fieldset/p[4 ]/label/span
02/10/2014 17:48:22 devpinoyLogger Inside findCustomElememnt//*[@id='grid1']/table/tbody/tr[20]/td[2]/fieldset/p[4 ]/label/span
02/10/2014 17:48:22 devpinoyLogger Object at xpath: //*[@id='grid1']/table/tbody/tr[20]/td[2]/fieldset/p[4 ]/label/span is clicked
02/10/2014 17:48:22 devpinoyLogger     - Bubble has been filled in.
02/10/2014 17:48:22 devpinoyLogger Executing clickButton Keyword: FPT_SecPg_Next_Button
02/10/2014 17:48:22 devpinoyLogger Inside findElememnt - only objName as parameterFPT_SecPg_Next_Button
02/10/2014 17:48:22 devpinoyLogger Switching to framedefaultContent
02/10/2014 17:48:22 devpinoyLogger Verifying the title match: GRE Practice Test
02/10/2014 17:48:22 devpinoyLogger Executing verifyObjectTextWithParameter: SECTION 2 - QUANTITATIVE REASONING 1
02/10/2014 17:48:22 devpinoyLogger Inside findElememnt - only objName as parameterFPT_SecPg_Heading
02/10/2014 17:48:22 devpinoyLogger SECTION 2 - QUANTITATIVE REASONING 1
02/10/2014 17:48:22 devpinoyLogger SECTION 2 - QUANTITATIVE REASONING 1
02/10/2014 17:48:22 devpinoyLogger On correct page: SECTION 2 - QUANTITATIVE REASONING 1
02/10/2014 17:48:22 devpinoyLogger Switching to framedefaultContent
02/10/2014 17:48:22 devpinoyLogger Switching to frameactiveElement
02/10/2014 17:48:22 devpinoyLogger Executing verifyCustomObjectText: 1
02/10/2014 17:48:22 devpinoyLogger Executing getCustomObjectText
02/10/2014 17:48:22 devpinoyLogger Inside findCustomElememnt//*[@id='grid2']/table/tbody/tr[1]/td[1]/span
02/10/2014 17:48:22 devpinoyLogger 1
02/10/2014 17:48:22 devpinoyLogger 1
02/10/2014 17:48:22 devpinoyLogger Verified Custom ObjectText: 1
02/10/2014 17:48:23 devpinoyLogger Executing clickbyXpath Keyword: //*[@id='grid2']/table/tbody/tr[1]/td[2]/fieldset/p[3 ]/label/span
02/10/2014 17:48:23 devpinoyLogger Inside findCustomElememnt//*[@id='grid2']/table/tbody/tr[1]/td[2]/fieldset/p[3 ]/label/span
02/10/2014 17:48:23 devpinoyLogger Object at xpath: //*[@id='grid2']/table/tbody/tr[1]/td[2]/fieldset/p[3 ]/label/span is clicked
02/10/2014 17:48:23 devpinoyLogger Executing verifyCustomObjectText: 2
02/10/2014 17:48:23 devpinoyLogger Executing getCustomObjectText
02/10/2014 17:48:23 devpinoyLogger Inside findCustomElememnt//*[@id='grid2']/table/tbody/tr[2]/td[1]/span
02/10/2014 17:48:23 devpinoyLogger 2
02/10/2014 17:48:23 devpinoyLogger 2
02/10/2014 17:48:23 devpinoyLogger Verified Custom ObjectText: 2
02/10/2014 17:48:23 devpinoyLogger Executing clickbyXpath Keyword: //*[@id='grid2']/table/tbody/tr[2]/td[2]/fieldset/p[1 ]/label/span
02/10/2014 17:48:23 devpinoyLogger Inside findCustomElememnt//*[@id='grid2']/table/tbody/tr[2]/td[2]/fieldset/p[1 ]/label/span
02/10/2014 17:48:23 devpinoyLogger Object at xpath: //*[@id='grid2']/table/tbody/tr[2]/td[2]/fieldset/p[1 ]/label/span is clicked
02/10/2014 17:48:23 devpinoyLogger Executing verifyCustomObjectText: 3
02/10/2014 17:48:23 devpinoyLogger Executing getCustomObjectText
02/10/2014 17:48:23 devpinoyLogger Inside findCustomElememnt//*[@id='grid2']/table/tbody/tr[3]/td[1]/span
02/10/2014 17:48:23 devpinoyLogger 3
02/10/2014 17:48:23 devpinoyLogger 3
02/10/2014 17:48:23 devpinoyLogger Verified Custom ObjectText: 3
02/10/2014 17:48:23 devpinoyLogger Executing clickbyXpath Keyword: //*[@id='grid2']/table/tbody/tr[3]/td[2]/fieldset/p[4 ]/label/span
02/10/2014 17:48:23 devpinoyLogger Inside findCustomElememnt//*[@id='grid2']/table/tbody/tr[3]/td[2]/fieldset/p[4 ]/label/span
02/10/2014 17:48:24 devpinoyLogger Object at xpath: //*[@id='grid2']/table/tbody/tr[3]/td[2]/fieldset/p[4 ]/label/span is clicked
02/10/2014 17:48:24 devpinoyLogger Executing verifyCustomObjectText: 4
02/10/2014 17:48:24 devpinoyLogger Executing getCustomObjectText
02/10/2014 17:48:24 devpinoyLogger Inside findCustomElememnt//*[@id='grid2']/table/tbody/tr[4]/td[1]/span
02/10/2014 17:48:24 devpinoyLogger 4
02/10/2014 17:48:24 devpinoyLogger 4
02/10/2014 17:48:24 devpinoyLogger Verified Custom ObjectText: 4
02/10/2014 17:48:24 devpinoyLogger Executing clickbyXpath Keyword: //*[@id='grid2']/table/tbody/tr[4]/td[2]/fieldset/p[4 ]/label/span
02/10/2014 17:48:24 devpinoyLogger Inside findCustomElememnt//*[@id='grid2']/table/tbody/tr[4]/td[2]/fieldset/p[4 ]/label/span
02/10/2014 17:48:24 devpinoyLogger Object at xpath: //*[@id='grid2']/table/tbody/tr[4]/td[2]/fieldset/p[4 ]/label/span is clicked
02/10/2014 17:48:24 devpinoyLogger Executing verifyCustomObjectText: 5
02/10/2014 17:48:24 devpinoyLogger Executing getCustomObjectText
02/10/2014 17:48:24 devpinoyLogger Inside findCustomElememnt//*[@id='grid2']/table/tbody/tr[5]/td[1]/span
02/10/2014 17:48:24 devpinoyLogger 5
02/10/2014 17:48:24 devpinoyLogger 5
02/10/2014 17:48:24 devpinoyLogger Verified Custom ObjectText: 5
02/10/2014 17:48:24 devpinoyLogger Executing clickbyXpath Keyword: //*[@id='grid2']/table/tbody/tr[5]/td[2]/fieldset/p[2 ]/label/span
02/10/2014 17:48:24 devpinoyLogger Inside findCustomElememnt//*[@id='grid2']/table/tbody/tr[5]/td[2]/fieldset/p[2 ]/label/span
02/10/2014 17:48:24 devpinoyLogger Object at xpath: //*[@id='grid2']/table/tbody/tr[5]/td[2]/fieldset/p[2 ]/label/span is clicked
02/10/2014 17:48:24 devpinoyLogger Executing verifyCustomObjectText: 6
02/10/2014 17:48:24 devpinoyLogger Executing getCustomObjectText
02/10/2014 17:48:24 devpinoyLogger Inside findCustomElememnt//*[@id='grid2']/table/tbody/tr[6]/td[1]/span
02/10/2014 17:48:24 devpinoyLogger 6
02/10/2014 17:48:24 devpinoyLogger 6
02/10/2014 17:48:24 devpinoyLogger Verified Custom ObjectText: 6
02/10/2014 17:48:24 devpinoyLogger Executing clickbyXpath Keyword: //*[@id='grid2']/table/tbody/tr[6]/td[2]/fieldset/p[3 ]/label/span
02/10/2014 17:48:24 devpinoyLogger Inside findCustomElememnt//*[@id='grid2']/table/tbody/tr[6]/td[2]/fieldset/p[3 ]/label/span
02/10/2014 17:48:25 devpinoyLogger Object at xpath: //*[@id='grid2']/table/tbody/tr[6]/td[2]/fieldset/p[3 ]/label/span is clicked
02/10/2014 17:48:25 devpinoyLogger Executing verifyCustomObjectText: 7
02/10/2014 17:48:25 devpinoyLogger Executing getCustomObjectText
02/10/2014 17:48:25 devpinoyLogger Inside findCustomElememnt//*[@id='grid2']/table/tbody/tr[7]/td[1]/span
02/10/2014 17:48:25 devpinoyLogger 7
02/10/2014 17:48:25 devpinoyLogger 7
02/10/2014 17:48:25 devpinoyLogger Verified Custom ObjectText: 7
02/10/2014 17:48:25 devpinoyLogger Executing clickbyXpath Keyword: //*[@id='grid2']/table/tbody/tr[7]/td[2]/fieldset/p[1 ]/label/span
02/10/2014 17:48:25 devpinoyLogger Inside findCustomElememnt//*[@id='grid2']/table/tbody/tr[7]/td[2]/fieldset/p[1 ]/label/span
02/10/2014 17:48:25 devpinoyLogger Object at xpath: //*[@id='grid2']/table/tbody/tr[7]/td[2]/fieldset/p[1 ]/label/span is clicked
02/10/2014 17:48:25 devpinoyLogger Executing verifyCustomObjectText: 8
02/10/2014 17:48:25 devpinoyLogger Executing getCustomObjectText
02/10/2014 17:48:25 devpinoyLogger Inside findCustomElememnt//*[@id='grid2']/table/tbody/tr[8]/td[1]/span
02/10/2014 17:48:25 devpinoyLogger 8
02/10/2014 17:48:25 devpinoyLogger 8
02/10/2014 17:48:25 devpinoyLogger Verified Custom ObjectText: 8
02/10/2014 17:48:25 devpinoyLogger Executing clickbyXpath Keyword: //*[@id='grid2']/table/tbody/tr[8]/td[2]/fieldset/p[4 ]/label/span
02/10/2014 17:48:25 devpinoyLogger Inside findCustomElememnt//*[@id='grid2']/table/tbody/tr[8]/td[2]/fieldset/p[4 ]/label/span
02/10/2014 17:48:25 devpinoyLogger Object at xpath: //*[@id='grid2']/table/tbody/tr[8]/td[2]/fieldset/p[4 ]/label/span is clicked
02/10/2014 17:48:25 devpinoyLogger Executing verifyCustomObjectText: 9
02/10/2014 17:48:25 devpinoyLogger Executing getCustomObjectText
02/10/2014 17:48:25 devpinoyLogger Inside findCustomElememnt//*[@id='grid2']/table/tbody/tr[9]/td[1]/span
02/10/2014 17:48:25 devpinoyLogger 9
02/10/2014 17:48:25 devpinoyLogger 9
02/10/2014 17:48:25 devpinoyLogger Verified Custom ObjectText: 9
02/10/2014 17:48:26 devpinoyLogger Executing clickbyXpath Keyword: //*[@id='grid2']/table/tbody/tr[9]/td[2]/fieldset/p[2 ]/label/span
02/10/2014 17:48:26 devpinoyLogger Inside findCustomElememnt//*[@id='grid2']/table/tbody/tr[9]/td[2]/fieldset/p[2 ]/label/span
02/10/2014 17:48:26 devpinoyLogger Object at xpath: //*[@id='grid2']/table/tbody/tr[9]/td[2]/fieldset/p[2 ]/label/span is clicked
02/10/2014 17:48:26 devpinoyLogger Executing verifyCustomObjectText: 10
02/10/2014 17:48:26 devpinoyLogger Executing getCustomObjectText
02/10/2014 17:48:26 devpinoyLogger Inside findCustomElememnt//*[@id='grid2']/table/tbody/tr[10]/td[1]/span
02/10/2014 17:48:26 devpinoyLogger 10
02/10/2014 17:48:26 devpinoyLogger 10
02/10/2014 17:48:26 devpinoyLogger Verified Custom ObjectText: 10
02/10/2014 17:48:26 devpinoyLogger Executing select Keyword: //*[@id='grid2']/table/tbody/tr[10]/td[2]/input
02/10/2014 17:48:26 devpinoyLogger Inside findCustomElememnt//*[@id='grid2']/table/tbody/tr[10]/td[2]/input
02/10/2014 17:48:26 devpinoyLogger Executing verifyCustomObjectText: 11
02/10/2014 17:48:26 devpinoyLogger Executing getCustomObjectText
02/10/2014 17:48:26 devpinoyLogger Inside findCustomElememnt//*[@id='grid2']/table/tbody/tr[11]/td[1]/span
02/10/2014 17:48:26 devpinoyLogger 11
02/10/2014 17:48:26 devpinoyLogger 11
02/10/2014 17:48:26 devpinoyLogger Verified Custom ObjectText: 11
02/10/2014 17:48:26 devpinoyLogger Executing clickbyXpath Keyword: //*[@id='grid2']/table/tbody/tr[11]/td[2]/fieldset/p[5 ]/label/span
02/10/2014 17:48:26 devpinoyLogger Inside findCustomElememnt//*[@id='grid2']/table/tbody/tr[11]/td[2]/fieldset/p[5 ]/label/span
02/10/2014 17:48:26 devpinoyLogger Object at xpath: //*[@id='grid2']/table/tbody/tr[11]/td[2]/fieldset/p[5 ]/label/span is clicked
02/10/2014 17:48:26 devpinoyLogger Executing verifyCustomObjectText: 12
02/10/2014 17:48:26 devpinoyLogger Executing getCustomObjectText
02/10/2014 17:48:26 devpinoyLogger Inside findCustomElememnt//*[@id='grid2']/table/tbody/tr[12]/td[1]/span
02/10/2014 17:48:27 devpinoyLogger 12
02/10/2014 17:48:27 devpinoyLogger 12
02/10/2014 17:48:27 devpinoyLogger Verified Custom ObjectText: 12
02/10/2014 17:48:27 devpinoyLogger Executing select Keyword: //*[@id='grid2']/table/tbody/tr[12]/td[2]/input
02/10/2014 17:48:27 devpinoyLogger Inside findCustomElememnt//*[@id='grid2']/table/tbody/tr[12]/td[2]/input
02/10/2014 17:48:27 devpinoyLogger Executing verifyCustomObjectText: 13
02/10/2014 17:48:27 devpinoyLogger Executing getCustomObjectText
02/10/2014 17:48:27 devpinoyLogger Inside findCustomElememnt//*[@id='grid2']/table/tbody/tr[13]/td[1]/span
02/10/2014 17:48:27 devpinoyLogger 13
02/10/2014 17:48:27 devpinoyLogger 13
02/10/2014 17:48:27 devpinoyLogger Verified Custom ObjectText: 13
02/10/2014 17:48:27 devpinoyLogger Executing clickbyXpath Keyword: //*[@id='grid2']/table/tbody/tr[13]/td[2]/fieldset/p[3 ]/label/span
02/10/2014 17:48:27 devpinoyLogger Inside findCustomElememnt//*[@id='grid2']/table/tbody/tr[13]/td[2]/fieldset/p[3 ]/label/span
02/10/2014 17:48:27 devpinoyLogger Object at xpath: //*[@id='grid2']/table/tbody/tr[13]/td[2]/fieldset/p[3 ]/label/span is clicked
02/10/2014 17:48:27 devpinoyLogger Executing verifyCustomObjectText: 14
02/10/2014 17:48:27 devpinoyLogger Executing getCustomObjectText
02/10/2014 17:48:27 devpinoyLogger Inside findCustomElememnt//*[@id='grid2']/table/tbody/tr[14]/td[1]/span
02/10/2014 17:48:27 devpinoyLogger 14
02/10/2014 17:48:27 devpinoyLogger 14
02/10/2014 17:48:27 devpinoyLogger Verified Custom ObjectText: 14
02/10/2014 17:48:27 devpinoyLogger Executing select Keyword: //*[@id='grid2']/table/tbody/tr[14]/td[2]/input
02/10/2014 17:48:27 devpinoyLogger Inside findCustomElememnt//*[@id='grid2']/table/tbody/tr[14]/td[2]/input
02/10/2014 17:48:27 devpinoyLogger Executing verifyCustomObjectText: 15
02/10/2014 17:48:27 devpinoyLogger Executing getCustomObjectText
02/10/2014 17:48:27 devpinoyLogger Inside findCustomElememnt//*[@id='grid2']/table/tbody/tr[15]/td[1]/span
02/10/2014 17:48:27 devpinoyLogger 15
02/10/2014 17:48:27 devpinoyLogger 15
02/10/2014 17:48:27 devpinoyLogger Verified Custom ObjectText: 15
02/10/2014 17:48:28 devpinoyLogger Executing select Keyword: //*[@id='grid2']/table/tbody/tr[15]/td[2]/input
02/10/2014 17:48:28 devpinoyLogger Inside findCustomElememnt//*[@id='grid2']/table/tbody/tr[15]/td[2]/input
02/10/2014 17:48:28 devpinoyLogger Executing verifyCustomObjectText: 16
02/10/2014 17:48:28 devpinoyLogger Executing getCustomObjectText
02/10/2014 17:48:28 devpinoyLogger Inside findCustomElememnt//*[@id='grid2']/table/tbody/tr[16]/td[1]/span
02/10/2014 17:48:28 devpinoyLogger 16
02/10/2014 17:48:28 devpinoyLogger 16
02/10/2014 17:48:28 devpinoyLogger Verified Custom ObjectText: 16
02/10/2014 17:48:28 devpinoyLogger Executing clickbyXpath Keyword: //*[@id='grid2']/table/tbody/tr[16]/td[2]/fieldset/p[5 ]/label/span
02/10/2014 17:48:28 devpinoyLogger Inside findCustomElememnt//*[@id='grid2']/table/tbody/tr[16]/td[2]/fieldset/p[5 ]/label/span
02/10/2014 17:48:28 devpinoyLogger Object at xpath: //*[@id='grid2']/table/tbody/tr[16]/td[2]/fieldset/p[5 ]/label/span is clicked
02/10/2014 17:48:28 devpinoyLogger Executing verifyCustomObjectText: 17
02/10/2014 17:48:28 devpinoyLogger Executing getCustomObjectText
02/10/2014 17:48:28 devpinoyLogger Inside findCustomElememnt//*[@id='grid2']/table/tbody/tr[17]/td[1]/span
02/10/2014 17:48:28 devpinoyLogger 17
02/10/2014 17:48:28 devpinoyLogger 17
02/10/2014 17:48:28 devpinoyLogger Verified Custom ObjectText: 17
02/10/2014 17:48:28 devpinoyLogger Executing select Keyword: //*[@id='grid2']/table/tbody/tr[17]/td[2]/input
02/10/2014 17:48:28 devpinoyLogger Inside findCustomElememnt//*[@id='grid2']/table/tbody/tr[17]/td[2]/input
02/10/2014 17:48:28 devpinoyLogger Executing verifyCustomObjectText: 18
02/10/2014 17:48:28 devpinoyLogger Executing getCustomObjectText
02/10/2014 17:48:28 devpinoyLogger Inside findCustomElememnt//*[@id='grid2']/table/tbody/tr[18]/td[1]/span
02/10/2014 17:48:29 devpinoyLogger 18
02/10/2014 17:48:29 devpinoyLogger 18
02/10/2014 17:48:29 devpinoyLogger Verified Custom ObjectText: 18
02/10/2014 17:48:29 devpinoyLogger Executing clickbyXpath Keyword: //*[@id='grid2']/table/tbody/tr[18]/td[2]/fieldset/p[3 ]/label/span
02/10/2014 17:48:29 devpinoyLogger Inside findCustomElememnt//*[@id='grid2']/table/tbody/tr[18]/td[2]/fieldset/p[3 ]/label/span
02/10/2014 17:48:29 devpinoyLogger Object at xpath: //*[@id='grid2']/table/tbody/tr[18]/td[2]/fieldset/p[3 ]/label/span is clicked
02/10/2014 17:48:29 devpinoyLogger Executing verifyCustomObjectText: 19
02/10/2014 17:48:29 devpinoyLogger Executing getCustomObjectText
02/10/2014 17:48:29 devpinoyLogger Inside findCustomElememnt//*[@id='grid2']/table/tbody/tr[19]/td[1]/span
02/10/2014 17:48:29 devpinoyLogger 19
02/10/2014 17:48:29 devpinoyLogger 19
02/10/2014 17:48:29 devpinoyLogger Verified Custom ObjectText: 19
02/10/2014 17:48:29 devpinoyLogger Executing clickbyXpath Keyword: //*[@id='grid2']/table/tbody/tr[19]/td[2]/fieldset/p[4 ]/label/span
02/10/2014 17:48:29 devpinoyLogger Inside findCustomElememnt//*[@id='grid2']/table/tbody/tr[19]/td[2]/fieldset/p[4 ]/label/span
02/10/2014 17:48:29 devpinoyLogger Object at xpath: //*[@id='grid2']/table/tbody/tr[19]/td[2]/fieldset/p[4 ]/label/span is clicked
02/10/2014 17:48:29 devpinoyLogger Executing verifyCustomObjectText: 20
02/10/2014 17:48:29 devpinoyLogger Executing getCustomObjectText
02/10/2014 17:48:29 devpinoyLogger Inside findCustomElememnt//*[@id='grid2']/table/tbody/tr[20]/td[1]/span
02/10/2014 17:48:29 devpinoyLogger 20
02/10/2014 17:48:29 devpinoyLogger 20
02/10/2014 17:48:29 devpinoyLogger Verified Custom ObjectText: 20
02/10/2014 17:48:29 devpinoyLogger Executing select Keyword: //*[@id='grid2']/table/tbody/tr[20]/td[2]/input
02/10/2014 17:48:29 devpinoyLogger Inside findCustomElememnt//*[@id='grid2']/table/tbody/tr[20]/td[2]/input
02/10/2014 17:48:29 devpinoyLogger     - Bubble has been filled in.
02/10/2014 17:48:29 devpinoyLogger Verifying if object displayed: FPT_SecPg_Previous_Button
02/10/2014 17:48:29 devpinoyLogger Inside findElememnt - only objName as parameterFPT_SecPg_Previous_Button
02/10/2014 17:48:30 devpinoyLogger true	Element with objectname -FPT_SecPg_Previous_Button - is displayed
02/10/2014 17:48:30 devpinoyLogger Executing clickButton Keyword: FPT_SecPg_Next_Button
02/10/2014 17:48:30 devpinoyLogger Inside findElememnt - only objName as parameterFPT_SecPg_Next_Button
02/10/2014 17:48:30 devpinoyLogger Switching to framedefaultContent
02/10/2014 17:48:30 devpinoyLogger Verifying the title match: GRE Practice Test
02/10/2014 17:48:30 devpinoyLogger Executing verifyObjectTextWithParameter: SECTION 3 - VERBAL REASONING 2
02/10/2014 17:48:30 devpinoyLogger Inside findElememnt - only objName as parameterFPT_SecPg_Heading
02/10/2014 17:48:30 devpinoyLogger SECTION 3 - VERBAL REASONING 2
02/10/2014 17:48:30 devpinoyLogger SECTION 3 - VERBAL REASONING 2
02/10/2014 17:48:30 devpinoyLogger On correct page: SECTION 3 - VERBAL REASONING 2
02/10/2014 17:48:30 devpinoyLogger Switching to framedefaultContent
02/10/2014 17:48:30 devpinoyLogger Switching to frameactiveElement
02/10/2014 17:48:30 devpinoyLogger Executing verifyCustomObjectText: 1
02/10/2014 17:48:30 devpinoyLogger Executing getCustomObjectText
02/10/2014 17:48:30 devpinoyLogger Inside findCustomElememnt//*[@id='grid3']/table/tbody/tr[1]/td[1]/span
02/10/2014 17:48:30 devpinoyLogger 1
02/10/2014 17:48:30 devpinoyLogger 1
02/10/2014 17:48:30 devpinoyLogger Verified Custom ObjectText: 1
02/10/2014 17:48:30 devpinoyLogger Executing clickbyXpath Keyword: //*[@id='grid3']/table/tbody/tr[1]/td[2]/fieldset/p[2 ]/label/span
02/10/2014 17:48:30 devpinoyLogger Inside findCustomElememnt//*[@id='grid3']/table/tbody/tr[1]/td[2]/fieldset/p[2 ]/label/span
02/10/2014 17:48:31 devpinoyLogger Object at xpath: //*[@id='grid3']/table/tbody/tr[1]/td[2]/fieldset/p[2 ]/label/span is clicked
02/10/2014 17:48:31 devpinoyLogger Executing verifyCustomObjectText: 2
02/10/2014 17:48:31 devpinoyLogger Executing getCustomObjectText
02/10/2014 17:48:31 devpinoyLogger Inside findCustomElememnt//*[@id='grid3']/table/tbody/tr[2]/td[1]/span
02/10/2014 17:48:31 devpinoyLogger 2
02/10/2014 17:48:31 devpinoyLogger 2
02/10/2014 17:48:31 devpinoyLogger Verified Custom ObjectText: 2
02/10/2014 17:48:31 devpinoyLogger Executing select Keyword: //*[@id='grid3']/table/tbody/tr[2]/td[2]/input
02/10/2014 17:48:31 devpinoyLogger Inside findCustomElememnt//*[@id='grid3']/table/tbody/tr[2]/td[2]/input
02/10/2014 17:48:31 devpinoyLogger Executing verifyCustomObjectText: 3
02/10/2014 17:48:31 devpinoyLogger Executing getCustomObjectText
02/10/2014 17:48:31 devpinoyLogger Inside findCustomElememnt//*[@id='grid3']/table/tbody/tr[3]/td[1]/span
02/10/2014 17:48:31 devpinoyLogger 3
02/10/2014 17:48:31 devpinoyLogger 3
02/10/2014 17:48:31 devpinoyLogger Verified Custom ObjectText: 3
02/10/2014 17:48:31 devpinoyLogger Executing select Keyword: //*[@id='grid3']/table/tbody/tr[3]/td[2]/input
02/10/2014 17:48:31 devpinoyLogger Inside findCustomElememnt//*[@id='grid3']/table/tbody/tr[3]/td[2]/input
02/10/2014 17:48:31 devpinoyLogger Executing verifyCustomObjectText: 4
02/10/2014 17:48:31 devpinoyLogger Executing getCustomObjectText
02/10/2014 17:48:31 devpinoyLogger Inside findCustomElememnt//*[@id='grid3']/table/tbody/tr[4]/td[1]/span
02/10/2014 17:48:31 devpinoyLogger 4
02/10/2014 17:48:31 devpinoyLogger 4
02/10/2014 17:48:31 devpinoyLogger Verified Custom ObjectText: 4
02/10/2014 17:48:31 devpinoyLogger Executing clickbyXpath Keyword: //*[@id='grid3']/table/tbody/tr[4]/td[2]/fieldset/p[5 ]/label/span
02/10/2014 17:48:31 devpinoyLogger Inside findCustomElememnt//*[@id='grid3']/table/tbody/tr[4]/td[2]/fieldset/p[5 ]/label/span
02/10/2014 17:48:31 devpinoyLogger Object at xpath: //*[@id='grid3']/table/tbody/tr[4]/td[2]/fieldset/p[5 ]/label/span is clicked
02/10/2014 17:48:31 devpinoyLogger Executing verifyCustomObjectText: 5
02/10/2014 17:48:31 devpinoyLogger Executing getCustomObjectText
02/10/2014 17:48:31 devpinoyLogger Inside findCustomElememnt//*[@id='grid3']/table/tbody/tr[5]/td[1]/span
02/10/2014 17:48:32 devpinoyLogger 5
02/10/2014 17:48:32 devpinoyLogger 5
02/10/2014 17:48:32 devpinoyLogger Verified Custom ObjectText: 5
02/10/2014 17:48:32 devpinoyLogger Executing select Keyword: //*[@id='grid3']/table/tbody/tr[5]/td[2]/input
02/10/2014 17:48:32 devpinoyLogger Inside findCustomElememnt//*[@id='grid3']/table/tbody/tr[5]/td[2]/input
02/10/2014 17:48:32 devpinoyLogger Executing verifyCustomObjectText: 6
02/10/2014 17:48:32 devpinoyLogger Executing getCustomObjectText
02/10/2014 17:48:32 devpinoyLogger Inside findCustomElememnt//*[@id='grid3']/table/tbody/tr[6]/td[1]/span
02/10/2014 17:48:32 devpinoyLogger 6
02/10/2014 17:48:32 devpinoyLogger 6
02/10/2014 17:48:32 devpinoyLogger Verified Custom ObjectText: 6
02/10/2014 17:48:32 devpinoyLogger Executing clickbyXpath Keyword: //*[@id='grid3']/table/tbody/tr[6]/td[2]/fieldset/p[4 ]/label/span
02/10/2014 17:48:32 devpinoyLogger Inside findCustomElememnt//*[@id='grid3']/table/tbody/tr[6]/td[2]/fieldset/p[4 ]/label/span
02/10/2014 17:48:32 devpinoyLogger Object at xpath: //*[@id='grid3']/table/tbody/tr[6]/td[2]/fieldset/p[4 ]/label/span is clicked
02/10/2014 17:48:32 devpinoyLogger Executing verifyCustomObjectText: 7
02/10/2014 17:48:32 devpinoyLogger Executing getCustomObjectText
02/10/2014 17:48:32 devpinoyLogger Inside findCustomElememnt//*[@id='grid3']/table/tbody/tr[7]/td[1]/span
02/10/2014 17:48:32 devpinoyLogger 7
02/10/2014 17:48:32 devpinoyLogger 7
02/10/2014 17:48:32 devpinoyLogger Verified Custom ObjectText: 7
02/10/2014 17:48:32 devpinoyLogger Executing select Keyword: //*[@id='grid3']/table/tbody/tr[7]/td[2]/input
02/10/2014 17:48:32 devpinoyLogger Inside findCustomElememnt//*[@id='grid3']/table/tbody/tr[7]/td[2]/input
02/10/2014 17:48:32 devpinoyLogger Executing verifyCustomObjectText: 8
02/10/2014 17:48:32 devpinoyLogger Executing getCustomObjectText
02/10/2014 17:48:32 devpinoyLogger Inside findCustomElememnt//*[@id='grid3']/table/tbody/tr[8]/td[1]/span
02/10/2014 17:48:33 devpinoyLogger 8
02/10/2014 17:48:33 devpinoyLogger 8
02/10/2014 17:48:33 devpinoyLogger Verified Custom ObjectText: 8
02/10/2014 17:48:33 devpinoyLogger Executing select Keyword: //*[@id='grid3']/table/tbody/tr[8]/td[2]/input
02/10/2014 17:48:33 devpinoyLogger Inside findCustomElememnt//*[@id='grid3']/table/tbody/tr[8]/td[2]/input
02/10/2014 17:48:33 devpinoyLogger Executing verifyCustomObjectText: 9
02/10/2014 17:48:33 devpinoyLogger Executing getCustomObjectText
02/10/2014 17:48:33 devpinoyLogger Inside findCustomElememnt//*[@id='grid3']/table/tbody/tr[9]/td[1]/span
02/10/2014 17:48:33 devpinoyLogger 9
02/10/2014 17:48:33 devpinoyLogger 9
02/10/2014 17:48:33 devpinoyLogger Verified Custom ObjectText: 9
02/10/2014 17:48:33 devpinoyLogger Executing select Keyword: //*[@id='grid3']/table/tbody/tr[9]/td[2]/input
02/10/2014 17:48:33 devpinoyLogger Inside findCustomElememnt//*[@id='grid3']/table/tbody/tr[9]/td[2]/input
02/10/2014 17:48:33 devpinoyLogger Executing verifyCustomObjectText: 10
02/10/2014 17:48:33 devpinoyLogger Executing getCustomObjectText
02/10/2014 17:48:33 devpinoyLogger Inside findCustomElememnt//*[@id='grid3']/table/tbody/tr[10]/td[1]/span
02/10/2014 17:48:33 devpinoyLogger 10
02/10/2014 17:48:33 devpinoyLogger 10
02/10/2014 17:48:33 devpinoyLogger Verified Custom ObjectText: 10
02/10/2014 17:48:33 devpinoyLogger Executing select Keyword: //*[@id='grid3']/table/tbody/tr[10]/td[2]/input
02/10/2014 17:48:33 devpinoyLogger Inside findCustomElememnt//*[@id='grid3']/table/tbody/tr[10]/td[2]/input
02/10/2014 17:48:33 devpinoyLogger Executing verifyCustomObjectText: 11
02/10/2014 17:48:33 devpinoyLogger Executing getCustomObjectText
02/10/2014 17:48:33 devpinoyLogger Inside findCustomElememnt//*[@id='grid3']/table/tbody/tr[11]/td[1]/span
02/10/2014 17:48:33 devpinoyLogger 11
02/10/2014 17:48:33 devpinoyLogger 11
02/10/2014 17:48:33 devpinoyLogger Verified Custom ObjectText: 11
02/10/2014 17:48:33 devpinoyLogger Executing clickbyXpath Keyword: //*[@id='grid3']/table/tbody/tr[11]/td[2]/fieldset/p[5 ]/label/span
02/10/2014 17:48:33 devpinoyLogger Inside findCustomElememnt//*[@id='grid3']/table/tbody/tr[11]/td[2]/fieldset/p[5 ]/label/span
02/10/2014 17:48:34 devpinoyLogger Object at xpath: //*[@id='grid3']/table/tbody/tr[11]/td[2]/fieldset/p[5 ]/label/span is clicked
02/10/2014 17:48:34 devpinoyLogger Executing verifyCustomObjectText: 12
02/10/2014 17:48:34 devpinoyLogger Executing getCustomObjectText
02/10/2014 17:48:34 devpinoyLogger Inside findCustomElememnt//*[@id='grid3']/table/tbody/tr[12]/td[1]/span
02/10/2014 17:48:34 devpinoyLogger 12
02/10/2014 17:48:34 devpinoyLogger 12
02/10/2014 17:48:34 devpinoyLogger Verified Custom ObjectText: 12
02/10/2014 17:48:34 devpinoyLogger Executing clickbyXpath Keyword: //*[@id='grid3']/table/tbody/tr[12]/td[2]/fieldset/p[3 ]/label/span
02/10/2014 17:48:34 devpinoyLogger Inside findCustomElememnt//*[@id='grid3']/table/tbody/tr[12]/td[2]/fieldset/p[3 ]/label/span
02/10/2014 17:48:34 devpinoyLogger Object at xpath: //*[@id='grid3']/table/tbody/tr[12]/td[2]/fieldset/p[3 ]/label/span is clicked
02/10/2014 17:48:34 devpinoyLogger Executing verifyCustomObjectText: 13
02/10/2014 17:48:34 devpinoyLogger Executing getCustomObjectText
02/10/2014 17:48:34 devpinoyLogger Inside findCustomElememnt//*[@id='grid3']/table/tbody/tr[13]/td[1]/span
02/10/2014 17:48:34 devpinoyLogger 13
02/10/2014 17:48:34 devpinoyLogger 13
02/10/2014 17:48:34 devpinoyLogger Verified Custom ObjectText: 13
02/10/2014 17:48:34 devpinoyLogger Executing select Keyword: //*[@id='grid3']/table/tbody/tr[13]/td[2]/input
02/10/2014 17:48:34 devpinoyLogger Inside findCustomElememnt//*[@id='grid3']/table/tbody/tr[13]/td[2]/input
02/10/2014 17:48:34 devpinoyLogger Executing verifyCustomObjectText: 14
02/10/2014 17:48:34 devpinoyLogger Executing getCustomObjectText
02/10/2014 17:48:34 devpinoyLogger Inside findCustomElememnt//*[@id='grid3']/table/tbody/tr[14]/td[1]/span
02/10/2014 17:48:34 devpinoyLogger 14
02/10/2014 17:48:34 devpinoyLogger 14
02/10/2014 17:48:34 devpinoyLogger Verified Custom ObjectText: 14
02/10/2014 17:48:35 devpinoyLogger Executing clickbyXpath Keyword: //*[@id='grid3']/table/tbody/tr[14]/td[2]/fieldset/p[3 ]/label/span
02/10/2014 17:48:35 devpinoyLogger Inside findCustomElememnt//*[@id='grid3']/table/tbody/tr[14]/td[2]/fieldset/p[3 ]/label/span
02/10/2014 17:48:35 devpinoyLogger Object at xpath: //*[@id='grid3']/table/tbody/tr[14]/td[2]/fieldset/p[3 ]/label/span is clicked
02/10/2014 17:48:35 devpinoyLogger Executing verifyCustomObjectText: 15
02/10/2014 17:48:35 devpinoyLogger Executing getCustomObjectText
02/10/2014 17:48:35 devpinoyLogger Inside findCustomElememnt//*[@id='grid3']/table/tbody/tr[15]/td[1]/span
02/10/2014 17:48:35 devpinoyLogger 15
02/10/2014 17:48:35 devpinoyLogger 15
02/10/2014 17:48:35 devpinoyLogger Verified Custom ObjectText: 15
02/10/2014 17:48:35 devpinoyLogger Executing clickbyXpath Keyword: //*[@id='grid3']/table/tbody/tr[15]/td[2]/fieldset/p[5 ]/label/span
02/10/2014 17:48:35 devpinoyLogger Inside findCustomElememnt//*[@id='grid3']/table/tbody/tr[15]/td[2]/fieldset/p[5 ]/label/span
02/10/2014 17:48:35 devpinoyLogger Object at xpath: //*[@id='grid3']/table/tbody/tr[15]/td[2]/fieldset/p[5 ]/label/span is clicked
02/10/2014 17:48:35 devpinoyLogger Executing verifyCustomObjectText: 16
02/10/2014 17:48:35 devpinoyLogger Executing getCustomObjectText
02/10/2014 17:48:35 devpinoyLogger Inside findCustomElememnt//*[@id='grid3']/table/tbody/tr[16]/td[1]/span
02/10/2014 17:48:35 devpinoyLogger 16
02/10/2014 17:48:35 devpinoyLogger 16
02/10/2014 17:48:35 devpinoyLogger Verified Custom ObjectText: 16
02/10/2014 17:48:35 devpinoyLogger Executing clickbyXpath Keyword: //*[@id='grid3']/table/tbody/tr[16]/td[2]/fieldset/p[4 ]/label/span
02/10/2014 17:48:35 devpinoyLogger Inside findCustomElememnt//*[@id='grid3']/table/tbody/tr[16]/td[2]/fieldset/p[4 ]/label/span
02/10/2014 17:48:35 devpinoyLogger Object at xpath: //*[@id='grid3']/table/tbody/tr[16]/td[2]/fieldset/p[4 ]/label/span is clicked
02/10/2014 17:48:36 devpinoyLogger Executing verifyCustomObjectText: 17
02/10/2014 17:48:36 devpinoyLogger Executing getCustomObjectText
02/10/2014 17:48:36 devpinoyLogger Inside findCustomElememnt//*[@id='grid3']/table/tbody/tr[17]/td[1]/span
02/10/2014 17:48:36 devpinoyLogger 17
02/10/2014 17:48:36 devpinoyLogger 17
02/10/2014 17:48:36 devpinoyLogger Verified Custom ObjectText: 17
02/10/2014 17:48:36 devpinoyLogger Executing clickbyXpath Keyword: //*[@id='grid3']/table/tbody/tr[17]/td[2]/fieldset/p[1 ]/label/span
02/10/2014 17:48:36 devpinoyLogger Inside findCustomElememnt//*[@id='grid3']/table/tbody/tr[17]/td[2]/fieldset/p[1 ]/label/span
02/10/2014 17:48:36 devpinoyLogger Object at xpath: //*[@id='grid3']/table/tbody/tr[17]/td[2]/fieldset/p[1 ]/label/span is clicked
02/10/2014 17:48:36 devpinoyLogger Executing verifyCustomObjectText: 18
02/10/2014 17:48:36 devpinoyLogger Executing getCustomObjectText
02/10/2014 17:48:36 devpinoyLogger Inside findCustomElememnt//*[@id='grid3']/table/tbody/tr[18]/td[1]/span
02/10/2014 17:48:36 devpinoyLogger 18
02/10/2014 17:48:36 devpinoyLogger 18
02/10/2014 17:48:36 devpinoyLogger Verified Custom ObjectText: 18
02/10/2014 17:48:36 devpinoyLogger Executing clickbyXpath Keyword: //*[@id='grid3']/table/tbody/tr[18]/td[2]/fieldset/p[2 ]/label/span
02/10/2014 17:48:36 devpinoyLogger Inside findCustomElememnt//*[@id='grid3']/table/tbody/tr[18]/td[2]/fieldset/p[2 ]/label/span
02/10/2014 17:48:36 devpinoyLogger Object at xpath: //*[@id='grid3']/table/tbody/tr[18]/td[2]/fieldset/p[2 ]/label/span is clicked
02/10/2014 17:48:36 devpinoyLogger Executing verifyCustomObjectText: 19
02/10/2014 17:48:36 devpinoyLogger Executing getCustomObjectText
02/10/2014 17:48:36 devpinoyLogger Inside findCustomElememnt//*[@id='grid3']/table/tbody/tr[19]/td[1]/span
02/10/2014 17:48:36 devpinoyLogger 19
02/10/2014 17:48:36 devpinoyLogger 19
02/10/2014 17:48:36 devpinoyLogger Verified Custom ObjectText: 19
02/10/2014 17:48:36 devpinoyLogger Executing clickbyXpath Keyword: //*[@id='grid3']/table/tbody/tr[19]/td[2]/fieldset/p[3 ]/label/span
02/10/2014 17:48:36 devpinoyLogger Inside findCustomElememnt//*[@id='grid3']/table/tbody/tr[19]/td[2]/fieldset/p[3 ]/label/span
02/10/2014 17:48:37 devpinoyLogger Object at xpath: //*[@id='grid3']/table/tbody/tr[19]/td[2]/fieldset/p[3 ]/label/span is clicked
02/10/2014 17:48:37 devpinoyLogger Executing verifyCustomObjectText: 20
02/10/2014 17:48:37 devpinoyLogger Executing getCustomObjectText
02/10/2014 17:48:37 devpinoyLogger Inside findCustomElememnt//*[@id='grid3']/table/tbody/tr[20]/td[1]/span
02/10/2014 17:48:37 devpinoyLogger 20
02/10/2014 17:48:37 devpinoyLogger 20
02/10/2014 17:48:37 devpinoyLogger Verified Custom ObjectText: 20
02/10/2014 17:48:37 devpinoyLogger Executing clickbyXpath Keyword: //*[@id='grid3']/table/tbody/tr[20]/td[2]/fieldset/p[5 ]/label/span
02/10/2014 17:48:37 devpinoyLogger Inside findCustomElememnt//*[@id='grid3']/table/tbody/tr[20]/td[2]/fieldset/p[5 ]/label/span
02/10/2014 17:48:37 devpinoyLogger Object at xpath: //*[@id='grid3']/table/tbody/tr[20]/td[2]/fieldset/p[5 ]/label/span is clicked
02/10/2014 17:48:37 devpinoyLogger     - Bubble has been filled in.
02/10/2014 17:48:37 devpinoyLogger Verifying if object displayed: FPT_SecPg_Previous_Button
02/10/2014 17:48:37 devpinoyLogger Inside findElememnt - only objName as parameterFPT_SecPg_Previous_Button
02/10/2014 17:48:37 devpinoyLogger true	Element with objectname -FPT_SecPg_Previous_Button - is displayed
02/10/2014 17:48:37 devpinoyLogger Executing clickButton Keyword: FPT_SecPg_Next_Button
02/10/2014 17:48:37 devpinoyLogger Inside findElememnt - only objName as parameterFPT_SecPg_Next_Button
02/10/2014 17:48:37 devpinoyLogger Switching to framedefaultContent
02/10/2014 17:48:37 devpinoyLogger Verifying the title match: GRE Practice Test
02/10/2014 17:48:38 devpinoyLogger Executing verifyObjectTextWithParameter: SECTION 4 - QUANTITATIVE REASONING 2
02/10/2014 17:48:38 devpinoyLogger Inside findElememnt - only objName as parameterFPT_SecPg_Heading
02/10/2014 17:48:38 devpinoyLogger SECTION 4 - QUANTITATIVE REASONING 2
02/10/2014 17:48:38 devpinoyLogger SECTION 4 - QUANTITATIVE REASONING 2
02/10/2014 17:48:38 devpinoyLogger On correct page: SECTION 4 - QUANTITATIVE REASONING 2
02/10/2014 17:48:38 devpinoyLogger Switching to framedefaultContent
02/10/2014 17:48:38 devpinoyLogger Switching to frameactiveElement
02/10/2014 17:48:38 devpinoyLogger Executing verifyCustomObjectText: 1
02/10/2014 17:48:38 devpinoyLogger Executing getCustomObjectText
02/10/2014 17:48:38 devpinoyLogger Inside findCustomElememnt//*[@id='grid4']/table/tbody/tr[1]/td[1]/span
02/10/2014 17:48:38 devpinoyLogger 1
02/10/2014 17:48:38 devpinoyLogger 1
02/10/2014 17:48:38 devpinoyLogger Verified Custom ObjectText: 1
02/10/2014 17:48:38 devpinoyLogger Executing clickbyXpath Keyword: //*[@id='grid4']/table/tbody/tr[1]/td[2]/fieldset/p[4 ]/label/span
02/10/2014 17:48:38 devpinoyLogger Inside findCustomElememnt//*[@id='grid4']/table/tbody/tr[1]/td[2]/fieldset/p[4 ]/label/span
02/10/2014 17:48:38 devpinoyLogger Object at xpath: //*[@id='grid4']/table/tbody/tr[1]/td[2]/fieldset/p[4 ]/label/span is clicked
02/10/2014 17:48:38 devpinoyLogger Executing verifyCustomObjectText: 2
02/10/2014 17:48:38 devpinoyLogger Executing getCustomObjectText
02/10/2014 17:48:38 devpinoyLogger Inside findCustomElememnt//*[@id='grid4']/table/tbody/tr[2]/td[1]/span
02/10/2014 17:48:38 devpinoyLogger 2
02/10/2014 17:48:38 devpinoyLogger 2
02/10/2014 17:48:38 devpinoyLogger Verified Custom ObjectText: 2
02/10/2014 17:48:38 devpinoyLogger Executing clickbyXpath Keyword: //*[@id='grid4']/table/tbody/tr[2]/td[2]/fieldset/p[1 ]/label/span
02/10/2014 17:48:38 devpinoyLogger Inside findCustomElememnt//*[@id='grid4']/table/tbody/tr[2]/td[2]/fieldset/p[1 ]/label/span
02/10/2014 17:48:38 devpinoyLogger Object at xpath: //*[@id='grid4']/table/tbody/tr[2]/td[2]/fieldset/p[1 ]/label/span is clicked
02/10/2014 17:48:38 devpinoyLogger Executing verifyCustomObjectText: 3
02/10/2014 17:48:38 devpinoyLogger Executing getCustomObjectText
02/10/2014 17:48:38 devpinoyLogger Inside findCustomElememnt//*[@id='grid4']/table/tbody/tr[3]/td[1]/span
02/10/2014 17:48:39 devpinoyLogger 3
02/10/2014 17:48:39 devpinoyLogger 3
02/10/2014 17:48:39 devpinoyLogger Verified Custom ObjectText: 3
02/10/2014 17:48:39 devpinoyLogger Executing clickbyXpath Keyword: //*[@id='grid4']/table/tbody/tr[3]/td[2]/fieldset/p[2 ]/label/span
02/10/2014 17:48:39 devpinoyLogger Inside findCustomElememnt//*[@id='grid4']/table/tbody/tr[3]/td[2]/fieldset/p[2 ]/label/span
02/10/2014 17:48:39 devpinoyLogger Object at xpath: //*[@id='grid4']/table/tbody/tr[3]/td[2]/fieldset/p[2 ]/label/span is clicked
02/10/2014 17:48:39 devpinoyLogger Executing verifyCustomObjectText: 4
02/10/2014 17:48:39 devpinoyLogger Executing getCustomObjectText
02/10/2014 17:48:39 devpinoyLogger Inside findCustomElememnt//*[@id='grid4']/table/tbody/tr[4]/td[1]/span
02/10/2014 17:48:39 devpinoyLogger 4
02/10/2014 17:48:39 devpinoyLogger 4
02/10/2014 17:48:39 devpinoyLogger Verified Custom ObjectText: 4
02/10/2014 17:48:39 devpinoyLogger Executing clickbyXpath Keyword: //*[@id='grid4']/table/tbody/tr[4]/td[2]/fieldset/p[4 ]/label/span
02/10/2014 17:48:39 devpinoyLogger Inside findCustomElememnt//*[@id='grid4']/table/tbody/tr[4]/td[2]/fieldset/p[4 ]/label/span
02/10/2014 17:48:39 devpinoyLogger Object at xpath: //*[@id='grid4']/table/tbody/tr[4]/td[2]/fieldset/p[4 ]/label/span is clicked
02/10/2014 17:48:39 devpinoyLogger Executing verifyCustomObjectText: 5
02/10/2014 17:48:39 devpinoyLogger Executing getCustomObjectText
02/10/2014 17:48:39 devpinoyLogger Inside findCustomElememnt//*[@id='grid4']/table/tbody/tr[5]/td[1]/span
02/10/2014 17:48:39 devpinoyLogger 5
02/10/2014 17:48:39 devpinoyLogger 5
02/10/2014 17:48:39 devpinoyLogger Verified Custom ObjectText: 5
02/10/2014 17:48:39 devpinoyLogger Executing clickbyXpath Keyword: //*[@id='grid4']/table/tbody/tr[5]/td[2]/fieldset/p[3 ]/label/span
02/10/2014 17:48:39 devpinoyLogger Inside findCustomElememnt//*[@id='grid4']/table/tbody/tr[5]/td[2]/fieldset/p[3 ]/label/span
02/10/2014 17:48:40 devpinoyLogger Object at xpath: //*[@id='grid4']/table/tbody/tr[5]/td[2]/fieldset/p[3 ]/label/span is clicked
02/10/2014 17:48:40 devpinoyLogger Executing verifyCustomObjectText: 6
02/10/2014 17:48:40 devpinoyLogger Executing getCustomObjectText
02/10/2014 17:48:40 devpinoyLogger Inside findCustomElememnt//*[@id='grid4']/table/tbody/tr[6]/td[1]/span
02/10/2014 17:48:40 devpinoyLogger 6
02/10/2014 17:48:40 devpinoyLogger 6
02/10/2014 17:48:40 devpinoyLogger Verified Custom ObjectText: 6
02/10/2014 17:48:40 devpinoyLogger Executing clickbyXpath Keyword: //*[@id='grid4']/table/tbody/tr[6]/td[2]/fieldset/p[1 ]/label/span
02/10/2014 17:48:40 devpinoyLogger Inside findCustomElememnt//*[@id='grid4']/table/tbody/tr[6]/td[2]/fieldset/p[1 ]/label/span
02/10/2014 17:48:40 devpinoyLogger Object at xpath: //*[@id='grid4']/table/tbody/tr[6]/td[2]/fieldset/p[1 ]/label/span is clicked
02/10/2014 17:48:40 devpinoyLogger Executing verifyCustomObjectText: 7
02/10/2014 17:48:40 devpinoyLogger Executing getCustomObjectText
02/10/2014 17:48:40 devpinoyLogger Inside findCustomElememnt//*[@id='grid4']/table/tbody/tr[7]/td[1]/span
02/10/2014 17:48:40 devpinoyLogger 7
02/10/2014 17:48:40 devpinoyLogger 7
02/10/2014 17:48:40 devpinoyLogger Verified Custom ObjectText: 7
02/10/2014 17:48:40 devpinoyLogger Executing clickbyXpath Keyword: //*[@id='grid4']/table/tbody/tr[7]/td[2]/fieldset/p[1 ]/label/span
02/10/2014 17:48:40 devpinoyLogger Inside findCustomElememnt//*[@id='grid4']/table/tbody/tr[7]/td[2]/fieldset/p[1 ]/label/span
02/10/2014 17:48:40 devpinoyLogger Object at xpath: //*[@id='grid4']/table/tbody/tr[7]/td[2]/fieldset/p[1 ]/label/span is clicked
02/10/2014 17:48:40 devpinoyLogger Executing verifyCustomObjectText: 8
02/10/2014 17:48:40 devpinoyLogger Executing getCustomObjectText
02/10/2014 17:48:40 devpinoyLogger Inside findCustomElememnt//*[@id='grid4']/table/tbody/tr[8]/td[1]/span
02/10/2014 17:48:40 devpinoyLogger 8
02/10/2014 17:48:40 devpinoyLogger 8
02/10/2014 17:48:40 devpinoyLogger Verified Custom ObjectText: 8
02/10/2014 17:48:40 devpinoyLogger Executing clickbyXpath Keyword: //*[@id='grid4']/table/tbody/tr[8]/td[2]/fieldset/p[4 ]/label/span
02/10/2014 17:48:40 devpinoyLogger Inside findCustomElememnt//*[@id='grid4']/table/tbody/tr[8]/td[2]/fieldset/p[4 ]/label/span
02/10/2014 17:48:41 devpinoyLogger Object at xpath: //*[@id='grid4']/table/tbody/tr[8]/td[2]/fieldset/p[4 ]/label/span is clicked
02/10/2014 17:48:41 devpinoyLogger Executing verifyCustomObjectText: 9
02/10/2014 17:48:41 devpinoyLogger Executing getCustomObjectText
02/10/2014 17:48:41 devpinoyLogger Inside findCustomElememnt//*[@id='grid4']/table/tbody/tr[9]/td[1]/span
02/10/2014 17:48:41 devpinoyLogger 9
02/10/2014 17:48:41 devpinoyLogger 9
02/10/2014 17:48:41 devpinoyLogger Verified Custom ObjectText: 9
02/10/2014 17:48:41 devpinoyLogger Executing clickbyXpath Keyword: //*[@id='grid4']/table/tbody/tr[9]/td[2]/fieldset/p[4 ]/label/span
02/10/2014 17:48:41 devpinoyLogger Inside findCustomElememnt//*[@id='grid4']/table/tbody/tr[9]/td[2]/fieldset/p[4 ]/label/span
02/10/2014 17:48:41 devpinoyLogger Object at xpath: //*[@id='grid4']/table/tbody/tr[9]/td[2]/fieldset/p[4 ]/label/span is clicked
02/10/2014 17:48:41 devpinoyLogger Executing verifyCustomObjectText: 10
02/10/2014 17:48:41 devpinoyLogger Executing getCustomObjectText
02/10/2014 17:48:41 devpinoyLogger Inside findCustomElememnt//*[@id='grid4']/table/tbody/tr[10]/td[1]/span
02/10/2014 17:48:41 devpinoyLogger 10
02/10/2014 17:48:41 devpinoyLogger 10
02/10/2014 17:48:41 devpinoyLogger Verified Custom ObjectText: 10
02/10/2014 17:48:41 devpinoyLogger Executing clickbyXpath Keyword: //*[@id='grid4']/table/tbody/tr[10]/td[2]/fieldset/p[4 ]/label/span
02/10/2014 17:48:41 devpinoyLogger Inside findCustomElememnt//*[@id='grid4']/table/tbody/tr[10]/td[2]/fieldset/p[4 ]/label/span
02/10/2014 17:48:41 devpinoyLogger Object at xpath: //*[@id='grid4']/table/tbody/tr[10]/td[2]/fieldset/p[4 ]/label/span is clicked
02/10/2014 17:48:41 devpinoyLogger Executing verifyCustomObjectText: 11
02/10/2014 17:48:41 devpinoyLogger Executing getCustomObjectText
02/10/2014 17:48:41 devpinoyLogger Inside findCustomElememnt//*[@id='grid4']/table/tbody/tr[11]/td[1]/span
02/10/2014 17:48:42 devpinoyLogger 11
02/10/2014 17:48:42 devpinoyLogger 11
02/10/2014 17:48:42 devpinoyLogger Verified Custom ObjectText: 11
02/10/2014 17:48:42 devpinoyLogger Executing clickbyXpath Keyword: //*[@id='grid4']/table/tbody/tr[11]/td[2]/fieldset/p[2 ]/label/span
02/10/2014 17:48:42 devpinoyLogger Inside findCustomElememnt//*[@id='grid4']/table/tbody/tr[11]/td[2]/fieldset/p[2 ]/label/span
02/10/2014 17:48:42 devpinoyLogger Object at xpath: //*[@id='grid4']/table/tbody/tr[11]/td[2]/fieldset/p[2 ]/label/span is clicked
02/10/2014 17:48:42 devpinoyLogger Executing verifyCustomObjectText: 12
02/10/2014 17:48:42 devpinoyLogger Executing getCustomObjectText
02/10/2014 17:48:42 devpinoyLogger Inside findCustomElememnt//*[@id='grid4']/table/tbody/tr[12]/td[1]/span
02/10/2014 17:48:42 devpinoyLogger 12
02/10/2014 17:48:42 devpinoyLogger 12
02/10/2014 17:48:42 devpinoyLogger Verified Custom ObjectText: 12
02/10/2014 17:48:42 devpinoyLogger Executing select Keyword: //*[@id='grid4']/table/tbody/tr[12]/td[2]/input
02/10/2014 17:48:42 devpinoyLogger Inside findCustomElememnt//*[@id='grid4']/table/tbody/tr[12]/td[2]/input
02/10/2014 17:48:42 devpinoyLogger Executing verifyCustomObjectText: 13
02/10/2014 17:48:42 devpinoyLogger Executing getCustomObjectText
02/10/2014 17:48:42 devpinoyLogger Inside findCustomElememnt//*[@id='grid4']/table/tbody/tr[13]/td[1]/span
02/10/2014 17:48:42 devpinoyLogger 13
02/10/2014 17:48:42 devpinoyLogger 13
02/10/2014 17:48:42 devpinoyLogger Verified Custom ObjectText: 13
02/10/2014 17:48:42 devpinoyLogger Executing clickbyXpath Keyword: //*[@id='grid4']/table/tbody/tr[13]/td[2]/fieldset/p[4 ]/label/span
02/10/2014 17:48:42 devpinoyLogger Inside findCustomElememnt//*[@id='grid4']/table/tbody/tr[13]/td[2]/fieldset/p[4 ]/label/span
02/10/2014 17:48:43 devpinoyLogger Object at xpath: //*[@id='grid4']/table/tbody/tr[13]/td[2]/fieldset/p[4 ]/label/span is clicked
02/10/2014 17:48:43 devpinoyLogger Executing verifyCustomObjectText: 14
02/10/2014 17:48:43 devpinoyLogger Executing getCustomObjectText
02/10/2014 17:48:43 devpinoyLogger Inside findCustomElememnt//*[@id='grid4']/table/tbody/tr[14]/td[1]/span
02/10/2014 17:48:43 devpinoyLogger 14
02/10/2014 17:48:43 devpinoyLogger 14
02/10/2014 17:48:43 devpinoyLogger Verified Custom ObjectText: 14
02/10/2014 17:48:43 devpinoyLogger Executing select Keyword: //*[@id='grid4']/table/tbody/tr[14]/td[2]/input
02/10/2014 17:48:43 devpinoyLogger Inside findCustomElememnt//*[@id='grid4']/table/tbody/tr[14]/td[2]/input
02/10/2014 17:48:43 devpinoyLogger Executing verifyCustomObjectText: 15
02/10/2014 17:48:43 devpinoyLogger Executing getCustomObjectText
02/10/2014 17:48:43 devpinoyLogger Inside findCustomElememnt//*[@id='grid4']/table/tbody/tr[15]/td[1]/span
02/10/2014 17:48:43 devpinoyLogger 15
02/10/2014 17:48:43 devpinoyLogger 15
02/10/2014 17:48:43 devpinoyLogger Verified Custom ObjectText: 15
02/10/2014 17:48:43 devpinoyLogger Executing select Keyword: //*[@id='grid4']/table/tbody/tr[15]/td[2]/input
02/10/2014 17:48:43 devpinoyLogger Inside findCustomElememnt//*[@id='grid4']/table/tbody/tr[15]/td[2]/input
02/10/2014 17:48:43 devpinoyLogger Executing verifyCustomObjectText: 16
02/10/2014 17:48:43 devpinoyLogger Executing getCustomObjectText
02/10/2014 17:48:43 devpinoyLogger Inside findCustomElememnt//*[@id='grid4']/table/tbody/tr[16]/td[1]/span
02/10/2014 17:48:43 devpinoyLogger 16
02/10/2014 17:48:43 devpinoyLogger 16
02/10/2014 17:48:43 devpinoyLogger Verified Custom ObjectText: 16
02/10/2014 17:48:43 devpinoyLogger Executing clickbyXpath Keyword: //*[@id='grid4']/table/tbody/tr[16]/td[2]/fieldset/p[5 ]/label/span
02/10/2014 17:48:43 devpinoyLogger Inside findCustomElememnt//*[@id='grid4']/table/tbody/tr[16]/td[2]/fieldset/p[5 ]/label/span
02/10/2014 17:48:43 devpinoyLogger Object at xpath: //*[@id='grid4']/table/tbody/tr[16]/td[2]/fieldset/p[5 ]/label/span is clicked
02/10/2014 17:48:44 devpinoyLogger Executing verifyCustomObjectText: 17
02/10/2014 17:48:44 devpinoyLogger Executing getCustomObjectText
02/10/2014 17:48:44 devpinoyLogger Inside findCustomElememnt//*[@id='grid4']/table/tbody/tr[17]/td[1]/span
02/10/2014 17:48:44 devpinoyLogger 17
02/10/2014 17:48:44 devpinoyLogger 17
02/10/2014 17:48:44 devpinoyLogger Verified Custom ObjectText: 17
02/10/2014 17:48:44 devpinoyLogger Executing select Keyword: //*[@id='grid4']/table/tbody/tr[17]/td[2]/input
02/10/2014 17:48:44 devpinoyLogger Inside findCustomElememnt//*[@id='grid4']/table/tbody/tr[17]/td[2]/input
02/10/2014 17:48:44 devpinoyLogger Executing verifyCustomObjectText: 18
02/10/2014 17:48:44 devpinoyLogger Executing getCustomObjectText
02/10/2014 17:48:44 devpinoyLogger Inside findCustomElememnt//*[@id='grid4']/table/tbody/tr[18]/td[1]/span
02/10/2014 17:48:44 devpinoyLogger 18
02/10/2014 17:48:44 devpinoyLogger 18
02/10/2014 17:48:44 devpinoyLogger Verified Custom ObjectText: 18
02/10/2014 17:48:44 devpinoyLogger Executing clickbyXpath Keyword: //*[@id='grid4']/table/tbody/tr[18]/td[2]/fieldset/p[4 ]/label/span
02/10/2014 17:48:44 devpinoyLogger Inside findCustomElememnt//*[@id='grid4']/table/tbody/tr[18]/td[2]/fieldset/p[4 ]/label/span
02/10/2014 17:48:44 devpinoyLogger Object at xpath: //*[@id='grid4']/table/tbody/tr[18]/td[2]/fieldset/p[4 ]/label/span is clicked
02/10/2014 17:48:44 devpinoyLogger Executing verifyCustomObjectText: 19
02/10/2014 17:48:44 devpinoyLogger Executing getCustomObjectText
02/10/2014 17:48:44 devpinoyLogger Inside findCustomElememnt//*[@id='grid4']/table/tbody/tr[19]/td[1]/span
02/10/2014 17:48:44 devpinoyLogger 19
02/10/2014 17:48:44 devpinoyLogger 19
02/10/2014 17:48:44 devpinoyLogger Verified Custom ObjectText: 19
02/10/2014 17:48:44 devpinoyLogger Executing clickbyXpath Keyword: //*[@id='grid4']/table/tbody/tr[19]/td[2]/fieldset/p[2 ]/label/span
02/10/2014 17:48:44 devpinoyLogger Inside findCustomElememnt//*[@id='grid4']/table/tbody/tr[19]/td[2]/fieldset/p[2 ]/label/span
02/10/2014 17:48:45 devpinoyLogger Object at xpath: //*[@id='grid4']/table/tbody/tr[19]/td[2]/fieldset/p[2 ]/label/span is clicked
02/10/2014 17:48:45 devpinoyLogger Executing verifyCustomObjectText: 20
02/10/2014 17:48:45 devpinoyLogger Executing getCustomObjectText
02/10/2014 17:48:45 devpinoyLogger Inside findCustomElememnt//*[@id='grid4']/table/tbody/tr[20]/td[1]/span
02/10/2014 17:48:45 devpinoyLogger 20
02/10/2014 17:48:45 devpinoyLogger 20
02/10/2014 17:48:45 devpinoyLogger Verified Custom ObjectText: 20
02/10/2014 17:48:45 devpinoyLogger Executing clickbyXpath Keyword: //*[@id='grid4']/table/tbody/tr[20]/td[2]/fieldset/p[5 ]/label/span
02/10/2014 17:48:45 devpinoyLogger Inside findCustomElememnt//*[@id='grid4']/table/tbody/tr[20]/td[2]/fieldset/p[5 ]/label/span
02/10/2014 17:48:45 devpinoyLogger Object at xpath: //*[@id='grid4']/table/tbody/tr[20]/td[2]/fieldset/p[5 ]/label/span is clicked
02/10/2014 17:48:45 devpinoyLogger     - Bubble has been filled in.
02/10/2014 17:48:45 devpinoyLogger Verifying if object displayed: FPT_SecPg_Previous_Button
02/10/2014 17:48:45 devpinoyLogger Inside findElememnt - only objName as parameterFPT_SecPg_Previous_Button
02/10/2014 17:48:45 devpinoyLogger true	Element with objectname -FPT_SecPg_Previous_Button - is displayed
02/10/2014 17:48:45 devpinoyLogger Executing clickButton Keyword: FPT_ScoreTest_Button
02/10/2014 17:48:45 devpinoyLogger Inside findElememnt - only objName as parameterFPT_ScoreTest_Button
02/10/2014 17:48:45 devpinoyLogger Switching to framedefaultContent
02/10/2014 17:48:45 devpinoyLogger Executing verifyObjectTextWithParameter: SCORE TEST
02/10/2014 17:48:45 devpinoyLogger Inside findElememnt - only objName as parameterFPT_ScoreTest_Header
02/10/2014 17:48:45 devpinoyLogger SCORE TEST
02/10/2014 17:48:45 devpinoyLogger SCORE TEST
02/10/2014 17:48:45 devpinoyLogger Executing clickButton Keyword: FPT_ScoreTest_Yes_Button
02/10/2014 17:48:45 devpinoyLogger Inside findElememnt - only objName as parameterFPT_ScoreTest_Yes_Button
02/10/2014 17:48:46 devpinoyLogger On Enter Keyword Page 
02/10/2014 17:48:46 devpinoyLogger Executing verifyObjectTextWithParameter: ENTER KEYWORD
02/10/2014 17:48:46 devpinoyLogger Inside findElememnt - only objName as parameterFPT_ScoreKeyword_Header
02/10/2014 17:48:46 devpinoyLogger ENTER KEYWORD
02/10/2014 17:48:46 devpinoyLogger ENTER KEYWORD
02/10/2014 17:48:46 devpinoyLogger Executing select Keyword: FPT_EnterKeyword_Input
02/10/2014 17:48:46 devpinoyLogger Inside findElememnt - only objName as parameterFPT_EnterKeyword_Input
02/10/2014 17:48:46 devpinoyLogger     - Keyword been entered
02/10/2014 17:48:46 devpinoyLogger Executing clickButton Keyword: FPT_EnterKeyword_Go_Button
02/10/2014 17:48:46 devpinoyLogger Inside findElememnt - only objName as parameterFPT_EnterKeyword_Go_Button
02/10/2014 17:48:47 devpinoyLogger Switching to framedefaultContent
02/10/2014 17:48:51 devpinoyLogger Executing verifyObjectTextWithParameter: SCORES
02/10/2014 17:48:51 devpinoyLogger Inside findElememnt - only objName as parameterFPT_Scores_Header
02/10/2014 17:48:51 devpinoyLogger SCORES
02/10/2014 17:48:51 devpinoyLogger SCORES
02/10/2014 17:48:51 devpinoyLogger Switching to framedefaultContent
02/10/2014 17:48:51 devpinoyLogger Executing verifyObjectTextWithParameter: Quantitative Score : 132
02/10/2014 17:48:51 devpinoyLogger Inside findElememnt - only objName as parameterFPT_Scores_QuantGRE_Text
02/10/2014 17:48:51 devpinoyLogger Quantitative Score : 132
02/10/2014 17:48:51 devpinoyLogger Quantitative Score : 150
02/10/2014 17:48:51 devpinoyLogger Error in text - FPT_Scores_QuantGRE_Text
02/10/2014 17:48:51 devpinoyLogger Actual - Quantitative Score : 150
02/10/2014 17:48:51 devpinoyLogger Expected -Quantitative Score : 132
02/10/2014 17:48:51 devpinoyLogger Inside take screenshot
02/10/2014 17:48:51 devpinoyLogger Formatting the fileName: FPTTC007_FPTOnsite-GREPracticeTest_FPT_Scores_QuantGRE_Text.jpg
02/10/2014 17:48:51 devpinoyLogger FPTTC007_FPTOnsite-GREPracticeTest_FPT_Scores_QuantGRE_Text.jpg
02/10/2014 17:48:51 devpinoyLogger Executing verifyObjectTextWithParameter: Verbal Score : 130
02/10/2014 17:48:51 devpinoyLogger Inside findElememnt - only objName as parameterFPT_Scores_VerbGRE_Text
02/10/2014 17:48:51 devpinoyLogger Verbal Score : 130
02/10/2014 17:48:51 devpinoyLogger Verbal Score : 145
02/10/2014 17:48:51 devpinoyLogger Error in text - FPT_Scores_VerbGRE_Text
02/10/2014 17:48:51 devpinoyLogger Actual - Verbal Score : 145
02/10/2014 17:48:51 devpinoyLogger Expected -Verbal Score : 130
02/10/2014 17:48:51 devpinoyLogger Inside take screenshot
02/10/2014 17:48:51 devpinoyLogger Formatting the fileName: FPTTC007_FPTOnsite-GREPracticeTest_FPT_Scores_VerbGRE_Text.jpg
02/10/2014 17:48:51 devpinoyLogger FPTTC007_FPTOnsite-GREPracticeTest_FPT_Scores_VerbGRE_Text.jpg
02/10/2014 17:48:51 devpinoyLogger ***********************************FPTTC007 --- Fail
